[[ 64.53968      0.95761114   5.3562355  ...  -2.174143     1.1133716
    0.5705766 ]
 [ 36.976696    -1.0024997    8.458522   ...   1.3533137   -3.2225256
   -1.0470539 ]
 [ 48.82046     12.682093    12.566944   ...  -3.9155116   -1.6747108
    1.8370475 ]
 ...
 [-13.006308    42.897648   -26.26957    ...   0.16703285   1.0910741
    1.0861478 ]
 [-24.654305    -0.10501484  -0.30571792 ...   1.9313217   -0.32922965
    1.4170494 ]
 [-21.86106      5.5124106   -9.2557335  ...  -3.1987023    2.5969205
   -1.951937  ]]
[[-0.223847    0.7604283  -1.0330583  ...  0.1297628   0.02933614
   0.00704189]
 [-1.3991287   1.242992    1.2942749  ...  0.13370705  0.04456411
   0.1735701 ]
 [-0.7566487   1.0941112   2.403312   ... -0.20165028 -0.04514361
   0.08224415]
 ...
 [ 3.465158    0.39489585 -0.20299083 ... -0.17155334 -0.11015909
   0.01481851]
 [-0.05255505 -1.1082447  -1.4261224  ... -0.16416529 -0.15509978
  -0.01940911]
 [ 1.2860539   0.67042524  2.3641977  ... -0.18260835 -0.03253434
  -0.02466829]]
[[ 27.755953    78.3083      29.125856   ...  -8.324129     4.5219703
   -1.8293172 ]
 [-12.486944    52.649357    27.343157   ...  -2.0956454   -5.5877643
    1.6022213 ]
 [ 25.42296     59.169804    80.023674   ...  -5.443272    -7.5306387
   -9.203849  ]
 ...
 [168.15434    -23.29891    -26.59704    ...   0.5663736   -0.9326648
   -0.35351664]
 [-49.88268    -13.608934   -32.839157   ...   0.5235051   -8.303856
   -6.848806  ]
 [ 50.724174   -45.33307     25.877462   ...  -3.456746     5.617159
   -3.1356006 ]]
[[ 96.39169     41.810886    -2.6438112  ...  -1.9624553    0.56488824
    3.5448186 ]
 [ 60.424866    23.30636    -28.04687    ...  -2.0927393   -1.1236821
   -2.1248825 ]
 [ 75.11786     59.19       -10.379914   ...  -2.9589746  -14.490438
   15.6714525 ]
 ...
 [ 49.247234   -50.2477      76.47295    ...  -2.513147     1.9512476
    2.522847  ]
 [-42.102413    -4.532384   -20.1325     ...  -4.2976475    0.3680729
   -2.6236897 ]
 [-17.99402    -22.433102    32.410202   ...  -0.9164811    2.6625788
   -3.1599667 ]]
[[ 7.3176636e+01 -4.4896317e+01 -3.6860920e+01 ... -2.8454216e+00
   2.8214850e+00  1.4240503e+00]
 [ 3.1126022e+01 -5.0422684e+01 -9.0525522e+00 ...  4.3838391e+00
  -4.4949973e-01  5.9548918e-02]
 [ 5.5738400e+01 -5.0008278e+01 -5.4975750e+01 ... -2.0504541e+00
   1.3104469e+01 -2.3129089e+00]
 ...
 [ 1.0665518e+02  1.0877930e+02  1.6524376e+01 ...  2.8865555e-01
  -1.6357216e+00  3.8121879e+00]
 [-4.2364021e+01 -1.1044368e+01  2.3056345e+01 ...  6.1537397e-01
  -6.4718933e+00  1.7955621e+00]
 [ 1.7573022e+00  5.0378296e+01 -1.2538114e+01 ...  8.8353479e-01
   1.6070931e+00  3.2874057e+00]]
[[-0.223847    0.7604283  -1.0330583  ...  0.1297628   0.02933614
   0.00704189]
 [-1.3991287   1.242992    1.2942749  ...  0.13370705  0.04456411
   0.1735701 ]
 [-0.7566487   1.0941112   2.403312   ... -0.20165028 -0.04514361
   0.08224415]
 ...
 [ 3.465158    0.39489585 -0.20299083 ... -0.17155334 -0.11015909
   0.01481851]
 [-0.05255505 -1.1082447  -1.4261224  ... -0.16416529 -0.15509978
  -0.01940911]
 [ 1.2860539   0.67042524  2.3641977  ... -0.18260835 -0.03253434
  -0.02466829]]
[[ 8.0434677e+01 -5.4476425e+01 -1.9687498e+01 ...  3.2439821e+00
  -1.5201288e+00  6.7092767e+00]
 [ 5.1964767e+01 -4.5429825e+01  1.4694280e+01 ... -3.0128114e+00
   6.2820542e-01  1.7419048e-02]
 [ 6.2631653e+01 -6.9831169e+01 -2.5008675e+01 ... -4.8414582e-01
  -4.8468909e+00  1.8101540e+01]
 ...
 [ 7.9012321e+01  1.1054341e+02 -4.6382008e+01 ...  4.7138276e+00
   8.7459129e-01  3.3384004e-01]
 [-4.0562710e+01  1.9807230e-01  1.7839787e+01 ... -3.8853564e+00
   7.2632875e+00  5.6488973e-01]
 [-1.3226688e+01  3.0761263e+01 -1.8554062e+01 ... -1.0055643e+00
   1.5337064e+00 -2.0380473e+00]]
[[ 64.53968      0.95761114   5.3562355  ...  -2.174143     1.1133716
    0.5705766 ]
 [ 36.976696    -1.0024997    8.458522   ...   1.3533137   -3.2225256
   -1.0470539 ]
 [ 48.82046     12.682093    12.566944   ...  -3.9155116   -1.6747108
    1.8370475 ]
 ...
 [-13.006308    42.897648   -26.26957    ...   0.16703285   1.0910741
    1.0861478 ]
 [-24.654305    -0.10501484  -0.30571792 ...   1.9313217   -0.32922965
    1.4170494 ]
 [-21.86106      5.5124106   -9.2557335  ...  -3.1987023    2.5969205
   -1.951937  ]]
[[ 7.3176636e+01 -4.4896317e+01 -3.6860920e+01 ... -2.8454216e+00
   2.8214850e+00  1.4240503e+00]
 [ 3.1126022e+01 -5.0422684e+01 -9.0525522e+00 ...  4.3838391e+00
  -4.4949973e-01  5.9548918e-02]
 [ 5.5738400e+01 -5.0008278e+01 -5.4975750e+01 ... -2.0504541e+00
   1.3104469e+01 -2.3129089e+00]
 ...
 [ 1.0665518e+02  1.0877930e+02  1.6524376e+01 ...  2.8865555e-01
  -1.6357216e+00  3.8121879e+00]
 [-4.2364021e+01 -1.1044368e+01  2.3056345e+01 ...  6.1537397e-01
  -6.4718933e+00  1.7955621e+00]
 [ 1.7573022e+00  5.0378296e+01 -1.2538114e+01 ...  8.8353479e-01
   1.6070931e+00  3.2874057e+00]]
[[ 8.0434677e+01 -5.4476425e+01 -1.9687498e+01 ...  3.2439821e+00
  -1.5201288e+00  6.7092767e+00]
 [ 5.1964767e+01 -4.5429825e+01  1.4694280e+01 ... -3.0128114e+00
   6.2820542e-01  1.7419048e-02]
 [ 6.2631653e+01 -6.9831169e+01 -2.5008675e+01 ... -4.8414582e-01
  -4.8468909e+00  1.8101540e+01]
 ...
 [ 7.9012321e+01  1.1054341e+02 -4.6382008e+01 ...  4.7138276e+00
   8.7459129e-01  3.3384004e-01]
 [-4.0562710e+01  1.9807230e-01  1.7839787e+01 ... -3.8853564e+00
   7.2632875e+00  5.6488973e-01]
 [-1.3226688e+01  3.0761263e+01 -1.8554062e+01 ... -1.0055643e+00
   1.5337064e+00 -2.0380473e+00]]
[[ 75.52239     -1.2275171   -2.8951867  ...   3.224202    -1.8408805
    2.0590844 ]
 [ 38.032845    -5.7413754   -0.25419196 ...  -0.62698346  -0.49469802
    0.6907071 ]
 [ 53.290894     2.725488    12.0148     ...   7.090216     0.90031016
   -2.0390236 ]
 ...
 [  0.5768478   41.473396    -9.055228   ...   0.61570394   0.5059398
   -0.6519135 ]
 [-20.15983      1.0703802    0.6937742  ...   0.595617     0.29641423
   -0.3634837 ]
 [-19.821684     7.457019    -8.127351   ...   0.21347684  -0.5658309
   -0.78752893]]
[[ 75.52239     -1.2275171   -2.8951867  ...   3.224202    -1.8408805
    2.0590844 ]
 [ 38.032845    -5.7413754   -0.25419196 ...  -0.62698346  -0.49469802
    0.6907071 ]
 [ 53.290894     2.725488    12.0148     ...   7.090216     0.90031016
   -2.0390236 ]
 ...
 [  0.5768478   41.473396    -9.055228   ...   0.61570394   0.5059398
   -0.6519135 ]
 [-20.15983      1.0703802    0.6937742  ...   0.595617     0.29641423
   -0.3634837 ]
 [-19.821684     7.457019    -8.127351   ...   0.21347684  -0.5658309
   -0.78752893]]
[[ 75.52239     -1.2275171   -2.8951867  ...   3.224202    -1.8408805
    2.0590844 ]
 [ 38.032845    -5.7413754   -0.25419196 ...  -0.62698346  -0.49469802
    0.6907071 ]
 [ 53.290894     2.725488    12.0148     ...   7.090216     0.90031016
   -2.0390236 ]
 ...
 [  0.5768478   41.473396    -9.055228   ...   0.61570394   0.5059398
   -0.6519135 ]
 [-20.15983      1.0703802    0.6937742  ...   0.595617     0.29641423
   -0.3634837 ]
 [-19.821684     7.457019    -8.127351   ...   0.21347684  -0.5658309
   -0.78752893]]
[[ 9.6732231e+01  3.7499603e+01  1.4679511e+01 ...  1.8587157e+00
   1.0473503e+00  8.7541252e-02]
 [ 6.6535591e+01  1.0983778e+01  3.1169067e+01 ...  8.3613224e-02
  -2.5475934e+00 -1.4604950e+00]
 [ 6.3910744e+01  4.9203430e+01  3.6266880e+01 ...  5.3549170e+00
  -2.8019993e+00  4.2517161e+00]
 ...
 [ 5.5164768e+01 -6.1898150e+00 -4.5307114e+01 ... -4.7851476e-01
  -7.3471630e-01  1.3775883e+00]
 [-5.8080784e+01 -9.0215464e+00  1.9482731e+01 ...  4.2675757e+00
  -4.0473175e-01 -3.3374288e+00]
 [-5.1403699e+00 -1.1224015e+01 -3.5194267e+01 ... -4.5963567e-01
   4.8736129e+00 -2.9047318e+00]]
[[ 1.5954256   0.7505212   0.1259466  ... -0.10465638  0.30413404
   0.03018556]
 [ 1.6238905   0.49346808  0.57713056 ... -0.14160122  0.10008515
   0.04841579]
 [ 1.6945862   0.37293217  0.63962644 ... -0.01830032  0.23240098
   0.02796546]
 ...
 [-1.1715392   0.75373363 -0.09773041 ... -0.07790043  0.2255334
   0.10402082]
 [-0.9372389   0.6411814   0.01831865 ... -0.01858881  0.25408188
   0.02173387]
 [-0.9186713   0.29799324  0.7721568  ... -0.00666314  0.2753778
  -0.0485264 ]]
[[-0.223847    0.7604283  -1.0330583  ...  0.1297628   0.02933614
   0.00704189]
 [-1.3991287   1.242992    1.2942749  ...  0.13370705  0.04456411
   0.1735701 ]
 [-0.7566487   1.0941112   2.403312   ... -0.20165028 -0.04514361
   0.08224415]
 ...
 [ 3.465158    0.39489585 -0.20299083 ... -0.17155334 -0.11015909
   0.01481851]
 [-0.05255505 -1.1082447  -1.4261224  ... -0.16416529 -0.15509978
  -0.01940911]
 [ 1.2860539   0.67042524  2.3641977  ... -0.18260835 -0.03253434
  -0.02466829]]
[[ 1.5954256   0.7505212   0.1259466  ... -0.10465638  0.30413404
   0.03018556]
 [ 1.6238905   0.49346808  0.57713056 ... -0.14160122  0.10008515
   0.04841579]
 [ 1.6945862   0.37293217  0.63962644 ... -0.01830032  0.23240098
   0.02796546]
 ...
 [-1.1715392   0.75373363 -0.09773041 ... -0.07790043  0.2255334
   0.10402082]
 [-0.9372389   0.6411814   0.01831865 ... -0.01858881  0.25408188
   0.02173387]
 [-0.9186713   0.29799324  0.7721568  ... -0.00666314  0.2753778
  -0.0485264 ]]
usage: train.py [-h] [--feature_type FEATURE_TYPE] [--random RANDOM]
                [--embedding EMBEDDING] [--scoring SCORING]
                [--num_pca NUM_PCA] [--flag_pca FLAG_PCA]
                [--num_repeats NUM_REPEATS] [--num_splits NUM_SPLITS]
                [--num_jobs NUM_JOBS]
                gprotein train_set emb_layer
train.py: error: the following arguments are required: gprotein, train_set, emb_layer
[[ 64.53968      0.95761114   5.3562355  ...  -2.174143     1.1133716
    0.5705766 ]
 [ 36.976696    -1.0024997    8.458522   ...   1.3533137   -3.2225256
   -1.0470539 ]
 [ 48.82046     12.682093    12.566944   ...  -3.9155116   -1.6747108
    1.8370475 ]
 ...
 [-13.006308    42.897648   -26.26957    ...   0.16703285   1.0910741
    1.0861478 ]
 [-24.654305    -0.10501484  -0.30571792 ...   1.9313217   -0.32922965
    1.4170494 ]
 [-21.86106      5.5124106   -9.2557335  ...  -3.1987023    2.5969205
   -1.951937  ]]
[[-0.223847    0.7604283  -1.0330583  ...  0.1297628   0.02933614
   0.00704189]
 [-1.3991287   1.242992    1.2942749  ...  0.13370705  0.04456411
   0.1735701 ]
 [-0.7566487   1.0941112   2.403312   ... -0.20165028 -0.04514361
   0.08224415]
 ...
 [ 3.465158    0.39489585 -0.20299083 ... -0.17155334 -0.11015909
   0.01481851]
 [-0.05255505 -1.1082447  -1.4261224  ... -0.16416529 -0.15509978
  -0.01940911]
 [ 1.2860539   0.67042524  2.3641977  ... -0.18260835 -0.03253434
  -0.02466829]]
[[ 27.755953    78.3083      29.125856   ...  -8.324129     4.5219703
   -1.8293172 ]
 [-12.486944    52.649357    27.343157   ...  -2.0956454   -5.5877643
    1.6022213 ]
 [ 25.42296     59.169804    80.023674   ...  -5.443272    -7.5306387
   -9.203849  ]
 ...
 [168.15434    -23.29891    -26.59704    ...   0.5663736   -0.9326648
   -0.35351664]
 [-49.88268    -13.608934   -32.839157   ...   0.5235051   -8.303856
   -6.848806  ]
 [ 50.724174   -45.33307     25.877462   ...  -3.456746     5.617159
   -3.1356006 ]]
[[ 96.39169     41.810886    -2.6438112  ...  -1.9624553    0.56488824
    3.5448186 ]
 [ 60.424866    23.30636    -28.04687    ...  -2.0927393   -1.1236821
   -2.1248825 ]
 [ 75.11786     59.19       -10.379914   ...  -2.9589746  -14.490438
   15.6714525 ]
 ...
 [ 49.247234   -50.2477      76.47295    ...  -2.513147     1.9512476
    2.522847  ]
 [-42.102413    -4.532384   -20.1325     ...  -4.2976475    0.3680729
   -2.6236897 ]
 [-17.99402    -22.433102    32.410202   ...  -0.9164811    2.6625788
   -3.1599667 ]]
[[ 7.3176636e+01 -4.4896317e+01 -3.6860920e+01 ... -2.8454216e+00
   2.8214850e+00  1.4240503e+00]
 [ 3.1126022e+01 -5.0422684e+01 -9.0525522e+00 ...  4.3838391e+00
  -4.4949973e-01  5.9548918e-02]
 [ 5.5738400e+01 -5.0008278e+01 -5.4975750e+01 ... -2.0504541e+00
   1.3104469e+01 -2.3129089e+00]
 ...
 [ 1.0665518e+02  1.0877930e+02  1.6524376e+01 ...  2.8865555e-01
  -1.6357216e+00  3.8121879e+00]
 [-4.2364021e+01 -1.1044368e+01  2.3056345e+01 ...  6.1537397e-01
  -6.4718933e+00  1.7955621e+00]
 [ 1.7573022e+00  5.0378296e+01 -1.2538114e+01 ...  8.8353479e-01
   1.6070931e+00  3.2874057e+00]]
[[-0.223847    0.7604283  -1.0330583  ...  0.1297628   0.02933614
   0.00704189]
 [-1.3991287   1.242992    1.2942749  ...  0.13370705  0.04456411
   0.1735701 ]
 [-0.7566487   1.0941112   2.403312   ... -0.20165028 -0.04514361
   0.08224415]
 ...
 [ 3.465158    0.39489585 -0.20299083 ... -0.17155334 -0.11015909
   0.01481851]
 [-0.05255505 -1.1082447  -1.4261224  ... -0.16416529 -0.15509978
  -0.01940911]
 [ 1.2860539   0.67042524  2.3641977  ... -0.18260835 -0.03253434
  -0.02466829]]
[[ 8.0434677e+01 -5.4476425e+01 -1.9687498e+01 ...  3.2439821e+00
  -1.5201288e+00  6.7092767e+00]
 [ 5.1964767e+01 -4.5429825e+01  1.4694280e+01 ... -3.0128114e+00
   6.2820542e-01  1.7419048e-02]
 [ 6.2631653e+01 -6.9831169e+01 -2.5008675e+01 ... -4.8414582e-01
  -4.8468909e+00  1.8101540e+01]
 ...
 [ 7.9012321e+01  1.1054341e+02 -4.6382008e+01 ...  4.7138276e+00
   8.7459129e-01  3.3384004e-01]
 [-4.0562710e+01  1.9807230e-01  1.7839787e+01 ... -3.8853564e+00
   7.2632875e+00  5.6488973e-01]
 [-1.3226688e+01  3.0761263e+01 -1.8554062e+01 ... -1.0055643e+00
   1.5337064e+00 -2.0380473e+00]]
[[ 64.53968      0.95761114   5.3562355  ...  -2.174143     1.1133716
    0.5705766 ]
 [ 36.976696    -1.0024997    8.458522   ...   1.3533137   -3.2225256
   -1.0470539 ]
 [ 48.82046     12.682093    12.566944   ...  -3.9155116   -1.6747108
    1.8370475 ]
 ...
 [-13.006308    42.897648   -26.26957    ...   0.16703285   1.0910741
    1.0861478 ]
 [-24.654305    -0.10501484  -0.30571792 ...   1.9313217   -0.32922965
    1.4170494 ]
 [-21.86106      5.5124106   -9.2557335  ...  -3.1987023    2.5969205
   -1.951937  ]]
[[ 7.3176636e+01 -4.4896317e+01 -3.6860920e+01 ... -2.8454216e+00
   2.8214850e+00  1.4240503e+00]
 [ 3.1126022e+01 -5.0422684e+01 -9.0525522e+00 ...  4.3838391e+00
  -4.4949973e-01  5.9548918e-02]
 [ 5.5738400e+01 -5.0008278e+01 -5.4975750e+01 ... -2.0504541e+00
   1.3104469e+01 -2.3129089e+00]
 ...
 [ 1.0665518e+02  1.0877930e+02  1.6524376e+01 ...  2.8865555e-01
  -1.6357216e+00  3.8121879e+00]
 [-4.2364021e+01 -1.1044368e+01  2.3056345e+01 ...  6.1537397e-01
  -6.4718933e+00  1.7955621e+00]
 [ 1.7573022e+00  5.0378296e+01 -1.2538114e+01 ...  8.8353479e-01
   1.6070931e+00  3.2874057e+00]]
[[ 8.0434677e+01 -5.4476425e+01 -1.9687498e+01 ...  3.2439821e+00
  -1.5201288e+00  6.7092767e+00]
 [ 5.1964767e+01 -4.5429825e+01  1.4694280e+01 ... -3.0128114e+00
   6.2820542e-01  1.7419048e-02]
 [ 6.2631653e+01 -6.9831169e+01 -2.5008675e+01 ... -4.8414582e-01
  -4.8468909e+00  1.8101540e+01]
 ...
 [ 7.9012321e+01  1.1054341e+02 -4.6382008e+01 ...  4.7138276e+00
   8.7459129e-01  3.3384004e-01]
 [-4.0562710e+01  1.9807230e-01  1.7839787e+01 ... -3.8853564e+00
   7.2632875e+00  5.6488973e-01]
 [-1.3226688e+01  3.0761263e+01 -1.8554062e+01 ... -1.0055643e+00
   1.5337064e+00 -2.0380473e+00]]
[[ 75.52239     -1.2275171   -2.8951867  ...   3.224202    -1.8408805
    2.0590844 ]
 [ 38.032845    -5.7413754   -0.25419196 ...  -0.62698346  -0.49469802
    0.6907071 ]
 [ 53.290894     2.725488    12.0148     ...   7.090216     0.90031016
   -2.0390236 ]
 ...
 [  0.5768478   41.473396    -9.055228   ...   0.61570394   0.5059398
   -0.6519135 ]
 [-20.15983      1.0703802    0.6937742  ...   0.595617     0.29641423
   -0.3634837 ]
 [-19.821684     7.457019    -8.127351   ...   0.21347684  -0.5658309
   -0.78752893]]
[[ 75.52239     -1.2275171   -2.8951867  ...   3.224202    -1.8408805
    2.0590844 ]
 [ 38.032845    -5.7413754   -0.25419196 ...  -0.62698346  -0.49469802
    0.6907071 ]
 [ 53.290894     2.725488    12.0148     ...   7.090216     0.90031016
   -2.0390236 ]
 ...
 [  0.5768478   41.473396    -9.055228   ...   0.61570394   0.5059398
   -0.6519135 ]
 [-20.15983      1.0703802    0.6937742  ...   0.595617     0.29641423
   -0.3634837 ]
 [-19.821684     7.457019    -8.127351   ...   0.21347684  -0.5658309
   -0.78752893]]
[[ 75.52239     -1.2275171   -2.8951867  ...   3.224202    -1.8408805
    2.0590844 ]
 [ 38.032845    -5.7413754   -0.25419196 ...  -0.62698346  -0.49469802
    0.6907071 ]
 [ 53.290894     2.725488    12.0148     ...   7.090216     0.90031016
   -2.0390236 ]
 ...
 [  0.5768478   41.473396    -9.055228   ...   0.61570394   0.5059398
   -0.6519135 ]
 [-20.15983      1.0703802    0.6937742  ...   0.595617     0.29641423
   -0.3634837 ]
 [-19.821684     7.457019    -8.127351   ...   0.21347684  -0.5658309
   -0.78752893]]
[[ 9.6732231e+01  3.7499603e+01  1.4679511e+01 ...  1.8587157e+00
   1.0473503e+00  8.7541252e-02]
 [ 6.6535591e+01  1.0983778e+01  3.1169067e+01 ...  8.3613224e-02
  -2.5475934e+00 -1.4604950e+00]
 [ 6.3910744e+01  4.9203430e+01  3.6266880e+01 ...  5.3549170e+00
  -2.8019993e+00  4.2517161e+00]
 ...
 [ 5.5164768e+01 -6.1898150e+00 -4.5307114e+01 ... -4.7851476e-01
  -7.3471630e-01  1.3775883e+00]
 [-5.8080784e+01 -9.0215464e+00  1.9482731e+01 ...  4.2675757e+00
  -4.0473175e-01 -3.3374288e+00]
 [-5.1403699e+00 -1.1224015e+01 -3.5194267e+01 ... -4.5963567e-01
   4.8736129e+00 -2.9047318e+00]]
[[ 1.5954256   0.7505212   0.1259466  ... -0.10465638  0.30413404
   0.03018556]
 [ 1.6238905   0.49346808  0.57713056 ... -0.14160122  0.10008515
   0.04841579]
 [ 1.6945862   0.37293217  0.63962644 ... -0.01830032  0.23240098
   0.02796546]
 ...
 [-1.1715392   0.75373363 -0.09773041 ... -0.07790043  0.2255334
   0.10402082]
 [-0.9372389   0.6411814   0.01831865 ... -0.01858881  0.25408188
   0.02173387]
 [-0.9186713   0.29799324  0.7721568  ... -0.00666314  0.2753778
  -0.0485264 ]]
[[-0.223847    0.7604283  -1.0330583  ...  0.1297628   0.02933614
   0.00704189]
 [-1.3991287   1.242992    1.2942749  ...  0.13370705  0.04456411
   0.1735701 ]
 [-0.7566487   1.0941112   2.403312   ... -0.20165028 -0.04514361
   0.08224415]
 ...
 [ 3.465158    0.39489585 -0.20299083 ... -0.17155334 -0.11015909
   0.01481851]
 [-0.05255505 -1.1082447  -1.4261224  ... -0.16416529 -0.15509978
  -0.01940911]
 [ 1.2860539   0.67042524  2.3641977  ... -0.18260835 -0.03253434
  -0.02466829]]
[[ 1.5954256   0.7505212   0.1259466  ... -0.10465638  0.30413404
   0.03018556]
 [ 1.6238905   0.49346808  0.57713056 ... -0.14160122  0.10008515
   0.04841579]
 [ 1.6945862   0.37293217  0.63962644 ... -0.01830032  0.23240098
   0.02796546]
 ...
 [-1.1715392   0.75373363 -0.09773041 ... -0.07790043  0.2255334
   0.10402082]
 [-0.9372389   0.6411814   0.01831865 ... -0.01858881  0.25408188
   0.02173387]
 [-0.9186713   0.29799324  0.7721568  ... -0.00666314  0.2753778
  -0.0485264 ]]
Traceback (most recent call last):
  File "./train.py", line 113, in <module>
    embs = torch.load(fn)
  File "/home/marin/.conda/envs/transformer/lib/python3.8/site-packages/torch/serialization.py", line 579, in load
    with _open_file_like(f, 'rb') as opened_file:
  File "/home/marin/.conda/envs/transformer/lib/python3.8/site-packages/torch/serialization.py", line 230, in _open_file_like
    return _open_file(name_or_buffer, mode)
  File "/home/marin/.conda/envs/transformer/lib/python3.8/site-packages/torch/serialization.py", line 211, in __init__
    super(_open_file, self).__init__(open(name, mode))
FileNotFoundError: [Errno 2] No such file or directory: '/data/Users/marin/transformers/gpcr/sp|P59534|T2R39_HUMAN.pt'
[[ 63.24505      3.616184     4.675007   ...  -3.4887505    2.1436784
   -0.5058004 ]
 [ 35.535484     5.3258944    6.4363256  ...   0.15802792   0.44742313
   -0.9307608 ]
 [ 48.140663    17.70713     -3.2590241  ...   1.5742588    0.40745586
    5.391467  ]
 ...
 [ -4.2068176   -6.119822     2.641515   ...   2.272929     1.858971
   -3.8524008 ]
 [-25.629013     1.5765258   -7.5060806  ...   3.3332012    1.9660755
   -0.37819526]
 [-22.222834    -1.0084497  -18.358892   ...   0.09258978   1.3350493
   -1.1977557 ]]
[[ 7.5132471e-01 -1.0254774e+00 -5.7249866e-02 ... -5.6662555e-03
  -1.4584526e-01  7.1160063e-02]
 [ 1.8083687e+00  1.3233305e+00  3.4021276e-01 ... -7.3950991e-02
  -4.5597110e-02  5.0709955e-02]
 [ 1.3074092e+00  2.4214385e+00  7.8596078e-02 ...  8.8850774e-02
   2.0714334e-01 -4.9430165e-02]
 ...
 [-4.2914167e-01  5.2226460e-01  6.3281047e-01 ... -1.9949973e-01
  -3.9241936e-02 -1.5324980e-01]
 [-8.7772059e-01 -1.4286977e+00  2.4148303e-01 ...  3.0395750e-02
  -4.6760160e-02  2.2614456e-03]
 [-3.1543252e-01  2.3341601e+00 -6.2642163e-01 ... -7.1359701e-02
   2.4623828e-01 -6.2350284e-02]]
[[ 84.53699     31.02207    -11.083535   ...   4.916562     0.54903764
    1.8562592 ]
 [ 49.280533     4.4613323  -17.685946   ...   2.8458028   -3.3604918
    1.3724977 ]
 [ 66.8979      70.51725    -33.391903   ...  -4.8934855    0.601975
   -0.33599085]
 ...
 [ -9.7496395  -12.801603     6.1446953  ...   3.4975352   -1.900595
    3.2176185 ]
 [-26.158848   -56.463352    -1.3419976  ...  -6.1615176    3.2024286
   -3.184268  ]
 [-28.53203     78.99209     16.067265   ...  -7.1794825   -0.7443229
    0.4272061 ]]
[[101.57291     32.741566    -4.307822   ...   0.8137937   -5.026422
   -3.7294226 ]
 [ 66.03622      7.3382535   27.059944   ...  -1.048262    -2.405664
   -1.3297964 ]
 [ 81.49738     46.955605    24.074913   ...  -0.31248975  10.705451
   -5.5747185 ]
 ...
 [ -8.849934    -6.098498    12.646278   ...  -0.8745639   -2.207292
    3.8826964 ]
 [-38.792      -11.65869     22.055372   ...   6.525954     2.5497816
   -4.011042  ]
 [-19.572315    -7.4237413  -34.521847   ...  -0.96954346  -0.64467824
   -1.6646711 ]]
[[ 88.98966    -33.540646     5.5725994  ...  -0.33383763 -11.418112
   -1.0614656 ]
 [ 54.306614     1.9089245   18.70342    ...  -3.7182164    1.1236283
    3.019589  ]
 [ 76.91471    -45.063118    24.812458   ...   9.656085    10.89228
   -6.76212   ]
 ...
 [ -9.668274    14.509191    11.175461   ...   3.6154459    2.6100683
    7.1659107 ]
 [-30.635794    32.738873    22.664045   ...   3.1898973    1.5020305
   -2.311585  ]
 [-19.486961   -36.759865   -58.0206     ...   1.098178    -0.58644277
    0.46273327]]
[[ 7.5132471e-01 -1.0254774e+00 -5.7249866e-02 ... -5.6662555e-03
  -1.4584526e-01  7.1160063e-02]
 [ 1.8083687e+00  1.3233305e+00  3.4021276e-01 ... -7.3950991e-02
  -4.5597110e-02  5.0709955e-02]
 [ 1.3074092e+00  2.4214385e+00  7.8596078e-02 ...  8.8850774e-02
   2.0714334e-01 -4.9430165e-02]
 ...
 [-4.2914167e-01  5.2226460e-01  6.3281047e-01 ... -1.9949973e-01
  -3.9241936e-02 -1.5324980e-01]
 [-8.7772059e-01 -1.4286977e+00  2.4148303e-01 ...  3.0395750e-02
  -4.6760160e-02  2.2614456e-03]
 [-3.1543252e-01  2.3341601e+00 -6.2642163e-01 ... -7.1359701e-02
   2.4623828e-01 -6.2350284e-02]]
[[ 92.76479   -37.22713    -0.7264779 ...  -3.2650836   1.4101598
   -2.6392791]
 [ 65.048515   -7.640148   26.366257  ...  -0.5909911   3.165607
    0.4872367]
 [ 78.95382   -52.90512    22.176352  ...  14.111968   -3.3687427
    8.962511 ]
 ...
 [ -9.556078    4.6551466  14.466522  ...  -6.089559   -6.6754646
    6.111385 ]
 [-36.105938   11.306163   24.10374   ...   3.727008    0.5298207
    2.065596 ]
 [-18.21071     5.7048655 -46.84051   ...   1.1059943   1.4641975
    2.4394257]]
[[ 63.24505      3.616184     4.675007   ...  -3.4887505    2.1436784
   -0.5058004 ]
 [ 35.535484     5.3258944    6.4363256  ...   0.15802792   0.44742313
   -0.9307608 ]
 [ 48.140663    17.70713     -3.2590241  ...   1.5742588    0.40745586
    5.391467  ]
 ...
 [ -4.2068176   -6.119822     2.641515   ...   2.272929     1.858971
   -3.8524008 ]
 [-25.629013     1.5765258   -7.5060806  ...   3.3332012    1.9660755
   -0.37819526]
 [-22.222834    -1.0084497  -18.358892   ...   0.09258978   1.3350493
   -1.1977557 ]]
[[ 88.98966    -33.540646     5.5725994  ...  -0.33383763 -11.418112
   -1.0614656 ]
 [ 54.306614     1.9089245   18.70342    ...  -3.7182164    1.1236283
    3.019589  ]
 [ 76.91471    -45.063118    24.812458   ...   9.656085    10.89228
   -6.76212   ]
 ...
 [ -9.668274    14.509191    11.175461   ...   3.6154459    2.6100683
    7.1659107 ]
 [-30.635794    32.738873    22.664045   ...   3.1898973    1.5020305
   -2.311585  ]
 [-19.486961   -36.759865   -58.0206     ...   1.098178    -0.58644277
    0.46273327]]
[[ 92.76479   -37.22713    -0.7264779 ...  -3.2650836   1.4101598
   -2.6392791]
 [ 65.048515   -7.640148   26.366257  ...  -0.5909911   3.165607
    0.4872367]
 [ 78.95382   -52.90512    22.176352  ...  14.111968   -3.3687427
    8.962511 ]
 ...
 [ -9.556078    4.6551466  14.466522  ...  -6.089559   -6.6754646
    6.111385 ]
 [-36.105938   11.306163   24.10374   ...   3.727008    0.5298207
    2.065596 ]
 [-18.21071     5.7048655 -46.84051   ...   1.1059943   1.4641975
    2.4394257]]
[[ 74.870674    -3.1239295    0.40867937 ...   2.422278     0.14680415
   -1.6273817 ]
 [ 37.274754    -0.9793735   -4.4892974  ...   0.84407336  -1.0208961
    0.16395472]
 [ 52.754528    12.246715     4.0775304  ...  -1.9850818    4.950573
   -2.3625307 ]
 ...
 [  1.3656658   -4.507312    -1.0454901  ...  -1.3692536    0.93003196
   -1.3916674 ]
 [-20.676685     0.9752679    4.706478   ...  -0.12128954  -2.0905755
    1.7011256 ]
 [-20.176767    -6.926437    16.157242   ...  -0.5748949   -3.7727885
   -0.57473904]]
[[ 74.870674    -3.1239295    0.40867937 ...   2.422278     0.14680415
   -1.6273817 ]
 [ 37.274754    -0.9793735   -4.4892974  ...   0.84407336  -1.0208961
    0.16395472]
 [ 52.754528    12.246715     4.0775304  ...  -1.9850818    4.950573
   -2.3625307 ]
 ...
 [  1.3656658   -4.507312    -1.0454901  ...  -1.3692536    0.93003196
   -1.3916674 ]
 [-20.676685     0.9752679    4.706478   ...  -0.12128954  -2.0905755
    1.7011256 ]
 [-20.176767    -6.926437    16.157242   ...  -0.5748949   -3.7727885
   -0.57473904]]
[[ 74.870674    -3.1239295    0.40867937 ...   2.422278     0.14680415
   -1.6273817 ]
 [ 37.274754    -0.9793735   -4.4892974  ...   0.84407336  -1.0208961
    0.16395472]
 [ 52.754528    12.246715     4.0775304  ...  -1.9850818    4.950573
   -2.3625307 ]
 ...
 [  1.3656658   -4.507312    -1.0454901  ...  -1.3692536    0.93003196
   -1.3916674 ]
 [-20.676685     0.9752679    4.706478   ...  -0.12128954  -2.0905755
    1.7011256 ]
 [-20.176767    -6.926437    16.157242   ...  -0.5748949   -3.7727885
   -0.57473904]]
[[ 1.0248814e+02  3.4151428e+01  3.4432776e+00 ... -2.3917074e+00
   1.7703328e+00 -1.2138246e+00]
 [ 7.2028572e+01  6.8473978e+00  2.3866686e+01 ... -7.6585360e-02
  -2.2303326e+00 -2.3776674e-01]
 [ 7.0179924e+01  4.4449612e+01  3.2966118e+01 ...  1.8967293e+01
   1.4869953e+01 -1.1422067e+00]
 ...
 [-1.7850744e+01 -2.0896671e+00  1.0899526e+01 ... -9.2163229e-01
  -9.8922604e-01 -1.6457042e+00]
 [-5.4525723e+01 -1.0445158e+01  2.2013943e+01 ...  3.4358013e+00
  -7.8645468e-01 -1.8339984e-01]
 [-5.7498603e+00 -7.4824705e+00 -3.1817148e+01 ... -3.1519725e+00
   3.9807451e+00  3.4072189e+00]]
[[ 1.5837566   0.68637115  0.09544201 ...  0.12460766  0.31176457
  -0.06870744]
 [ 1.5896165   0.43061697  0.55971664 ...  0.14077479  0.09571741
  -0.00428927]
 [ 1.6440623   0.3213357   0.62698543 ... -0.04013649  0.22038963
   0.03367599]
 ...
 [-0.80573934  0.3693807   0.5368171  ...  0.13792911  0.2616974
  -0.03777514]
 [-0.91334575  0.67737335 -0.00871241 ...  0.15003216  0.28891647
  -0.12091508]
 [-0.9242558   0.34050986  0.7631041  ...  0.11364165  0.2950735
  -0.16002038]]
[[ 7.5132471e-01 -1.0254774e+00 -5.7249866e-02 ... -5.6662555e-03
  -1.4584526e-01  7.1160063e-02]
 [ 1.8083687e+00  1.3233305e+00  3.4021276e-01 ... -7.3950991e-02
  -4.5597110e-02  5.0709955e-02]
 [ 1.3074092e+00  2.4214385e+00  7.8596078e-02 ...  8.8850774e-02
   2.0714334e-01 -4.9430165e-02]
 ...
 [-4.2914167e-01  5.2226460e-01  6.3281047e-01 ... -1.9949973e-01
  -3.9241936e-02 -1.5324980e-01]
 [-8.7772059e-01 -1.4286977e+00  2.4148303e-01 ...  3.0395750e-02
  -4.6760160e-02  2.2614456e-03]
 [-3.1543252e-01  2.3341601e+00 -6.2642163e-01 ... -7.1359701e-02
   2.4623828e-01 -6.2350284e-02]]
[[ 1.5837566   0.68637115  0.09544201 ...  0.12460766  0.31176457
  -0.06870744]
 [ 1.5896165   0.43061697  0.55971664 ...  0.14077479  0.09571741
  -0.00428927]
 [ 1.6440623   0.3213357   0.62698543 ... -0.04013649  0.22038963
   0.03367599]
 ...
 [-0.80573934  0.3693807   0.5368171  ...  0.13792911  0.2616974
  -0.03777514]
 [-0.91334575  0.67737335 -0.00871241 ...  0.15003216  0.28891647
  -0.12091508]
 [-0.9242558   0.34050986  0.7631041  ...  0.11364165  0.2950735
  -0.16002038]]
[[0.71093214 0.48236334 0.55236244 ... 0.07678625 0.6650968  0.36203465]
 [0.5196496  0.50117254 0.5772724  ... 0.51221085 0.5082029  0.3160625 ]
 [0.6066647  0.6373836  0.4401531  ... 0.68130857 0.5045062  1.        ]
 ...
 [0.2453036  0.37525356 0.5236032  ... 0.7647296  0.638763   0.        ]
 [0.09742355 0.45992422 0.38008785 ... 0.89132595 0.64866954 0.37583894]
 [0.12093683 0.43148586 0.2265988  ... 0.5043976  0.59030324 0.28717905]]
[[0.5252421  0.21524593 0.4532222  ... 0.35787836 0.20075843 0.59435326]
 [0.70985496 0.6709287  0.5435413  ... 0.25602236 0.37540632 0.55983794]
 [0.6223623  0.8839683  0.48409173 ... 0.4988634  0.8157196  0.39082333]
 ...
 [0.31907344 0.5155172  0.610031   ... 0.06874928 0.38647804 0.2155985 ]
 [0.24072905 0.13701877 0.52110606 ... 0.41166976 0.37338012 0.47806746]
 [0.33893275 0.86703575 0.32388398 ... 0.25988764 0.8838291  0.369017  ]]
[[0.8720685  0.6322068  0.42100328 ... 0.6534965  0.4949408  0.46827972]
 [0.7021965  0.4660442  0.37932408 ... 0.5416224  0.31893215 0.4459341 ]
 [0.78708017 0.8792867  0.2801767  ... 0.12350243 0.49732405 0.36701658]
 ...
 [0.41777822 0.35804814 0.52976036 ... 0.57683265 0.38465732 0.53116286]
 [0.33871564 0.08490241 0.4824989  ... 0.05499619 0.6143976  0.23545063]
 [0.3272812  0.93230486 0.5923988  ... 0.         0.43671316 0.40226972]]
[[0.7983011  0.72890943 0.406625   ... 0.44673175 0.17420596 0.21514367]
 [0.6614579  0.5430762  0.63375986 ... 0.3732631  0.28115383 0.31712258]
 [0.7209951  0.8328896  0.6121451  ... 0.40229347 0.81619203 0.13672258]
 ...
 [0.3730895  0.44478217 0.5293901  ... 0.38011646 0.289249   0.5386422 ]
 [0.25778985 0.40410763 0.5975216  ... 0.6721088  0.4833756  0.20317544]
 [0.3318002  0.4350876  0.18784443 ... 0.37636897 0.3530161  0.30289114]]
[[0.8647669  0.23124537 0.5288903  ... 0.47203743 0.         0.353804  ]
 [0.70402586 0.5004733  0.61539954 ... 0.29317468 0.5263529  0.5084557 ]
 [0.8088047  0.14373592 0.6556475  ... 1.         0.9363245  0.13777748]
 ...
 [0.40752983 0.5961683  0.5658034  ... 0.68075514 0.58873594 0.66558075]
 [0.3103544  0.7346168  0.6414932  ... 0.6582651  0.5422337  0.30643067]
 [0.36202446 0.20679644 0.10992178 ... 0.54771876 0.45458445 0.41156358]]
[[0.5252421  0.21524593 0.4532222  ... 0.35787836 0.20075843 0.59435326]
 [0.70985496 0.6709287  0.5435413  ... 0.25602236 0.37540632 0.55983794]
 [0.6223623  0.8839683  0.48409173 ... 0.4988634  0.8157196  0.39082333]
 ...
 [0.31907344 0.5155172  0.610031   ... 0.06874928 0.38647804 0.2155985 ]
 [0.24072905 0.13701877 0.52110606 ... 0.41166976 0.37338012 0.47806746]
 [0.33893275 0.86703575 0.32388398 ... 0.25988764 0.8838291  0.369017  ]]
[[0.816733   0.23585281 0.47618815 ... 0.30686924 0.4958027  0.31084454]
 [0.7021185  0.43721253 0.6800821  ... 0.4080704  0.5660024  0.42905742]
 [0.7596208  0.12915331 0.64854974 ... 0.9645045  0.30469596 0.74950564]
 ...
 [0.3936077  0.5208905  0.5905273  ... 0.19997685 0.17246127 0.6417052 ]
 [0.28381664 0.5661552  0.6630548  ... 0.5714852  0.46059823 0.48873484]
 [0.3578184  0.5280345  0.12914425 ... 0.47229287 0.49796364 0.50286925]]
[[0.71093214 0.48236334 0.55236244 ... 0.07678625 0.6650968  0.36203465]
 [0.5196496  0.50117254 0.5772724  ... 0.51221085 0.5082029  0.3160625 ]
 [0.6066647  0.6373836  0.4401531  ... 0.68130857 0.5045062  1.        ]
 ...
 [0.2453036  0.37525356 0.5236032  ... 0.7647296  0.638763   0.        ]
 [0.09742355 0.45992422 0.38008785 ... 0.89132595 0.64866954 0.37583894]
 [0.12093683 0.43148586 0.2265988  ... 0.5043976  0.59030324 0.28717905]]
[[0.8647669  0.23124537 0.5288903  ... 0.47203743 0.         0.353804  ]
 [0.70402586 0.5004733  0.61539954 ... 0.29317468 0.5263529  0.5084557 ]
 [0.8088047  0.14373592 0.6556475  ... 1.         0.9363245  0.13777748]
 ...
 [0.40752983 0.5961683  0.5658034  ... 0.68075514 0.58873594 0.66558075]
 [0.3103544  0.7346168  0.6414932  ... 0.6582651  0.5422337  0.30643067]
 [0.36202446 0.20679644 0.10992178 ... 0.54771876 0.45458445 0.41156358]]
[[0.816733   0.23585281 0.47618815 ... 0.30686924 0.4958027  0.31084454]
 [0.7021185  0.43721253 0.6800821  ... 0.4080704  0.5660024  0.42905742]
 [0.7596208  0.12915331 0.64854974 ... 0.9645045  0.30469596 0.74950564]
 ...
 [0.3936077  0.5208905  0.5905273  ... 0.19997685 0.17246127 0.6417052 ]
 [0.28381664 0.5661552  0.6630548  ... 0.5714852  0.46059823 0.48873484]
 [0.3578184  0.5280345  0.12914425 ... 0.47229287 0.49796364 0.50286925]]
[[0.81851506 0.4149116  0.50690913 ... 0.64656425 0.39097187 0.18850285]
 [0.5566884  0.44247165 0.41288948 ... 0.5243874  0.28473598 0.3493392 ]
 [0.66449314 0.6124423  0.577335   ... 0.30536819 0.8280127  0.12249699]
 ...
 [0.30660927 0.39713353 0.47899547 ... 0.35304257 0.46222895 0.20966661]
 [0.15310125 0.46759108 0.58940804 ... 0.4496538  0.18741788 0.48735508]
 [0.1565828  0.36604494 0.8092125  ... 0.4145379  0.03437227 0.28301507]]
[[0.81851506 0.4149116  0.50690913 ... 0.64656425 0.39097187 0.18850285]
 [0.5566884  0.44247165 0.41288948 ... 0.5243874  0.28473598 0.3493392 ]
 [0.66449314 0.6124423  0.577335   ... 0.30536819 0.8280127  0.12249699]
 ...
 [0.30660927 0.39713353 0.47899547 ... 0.35304257 0.46222895 0.20966661]
 [0.15310125 0.46759108 0.58940804 ... 0.4496538  0.18741788 0.48735508]
 [0.1565828  0.36604494 0.8092125  ... 0.4145379  0.03437227 0.28301507]]
[[0.81851506 0.4149116  0.50690913 ... 0.64656425 0.39097187 0.18850285]
 [0.5566884  0.44247165 0.41288948 ... 0.5243874  0.28473598 0.3493392 ]
 [0.66449314 0.6124423  0.577335   ... 0.30536819 0.8280127  0.12249699]
 ...
 [0.30660927 0.39713353 0.47899547 ... 0.35304257 0.46222895 0.20966661]
 [0.15310125 0.46759108 0.58940804 ... 0.4496538  0.18741788 0.48735508]
 [0.1565828  0.36604494 0.8092125  ... 0.4145379  0.03437227 0.28301507]]
[[0.7768161  0.75840795 0.4278696  ... 0.39670053 0.43648213 0.42280054]
 [0.6625824  0.5312599  0.56716406 ... 0.46209273 0.27392912 0.47052732]
 [0.65564936 0.8440807  0.62922525 ... 0.99999994 0.9687394  0.42630246]
 ...
 [0.32550442 0.45691058 0.4787237  ... 0.4382238  0.32435712 0.4016827 ]
 [0.18796077 0.38739946 0.55452776 ... 0.5613025  0.33259603 0.47318572]
 [0.37088686 0.4120467  0.18738161 ... 0.37522632 0.52629447 0.64875793]]
[[0.9722612  0.8887123  0.4523244  ... 0.7322285  1.         0.24410978]
 [0.9743593  0.74373734 0.7202933  ... 0.76314265 0.5661125  0.3546754 ]
 [0.9938532  0.68179095 0.75911933 ... 0.41721123 0.8164917  0.41983795]
 ...
 [0.11671799 0.7090254  0.7070762  ... 0.7577013  0.8994502  0.29720116]
 [0.07819024 0.8836119  0.39220878 ... 0.7808442  0.9541142  0.154502  ]
 [0.07428399 0.6926599  0.8376839  ... 0.7112597  0.9664793  0.0873827 ]]
[[0.5252421  0.21524593 0.4532222  ... 0.35787836 0.20075843 0.59435326]
 [0.70985496 0.6709287  0.5435413  ... 0.25602236 0.37540632 0.55983794]
 [0.6223623  0.8839683  0.48409173 ... 0.4988634  0.8157196  0.39082333]
 ...
 [0.31907344 0.5155172  0.610031   ... 0.06874928 0.38647804 0.2155985 ]
 [0.24072905 0.13701877 0.52110606 ... 0.41166976 0.37338012 0.47806746]
 [0.33893275 0.86703575 0.32388398 ... 0.25988764 0.8838291  0.369017  ]]
[[0.9722612  0.8887123  0.4523244  ... 0.7322285  1.         0.24410978]
 [0.9743593  0.74373734 0.7202933  ... 0.76314265 0.5661125  0.3546754 ]
 [0.9938532  0.68179095 0.75911933 ... 0.41721123 0.8164917  0.41983795]
 ...
 [0.11671799 0.7090254  0.7070762  ... 0.7577013  0.8994502  0.29720116]
 [0.07819024 0.8836119  0.39220878 ... 0.7808442  0.9541142  0.154502  ]
 [0.07428399 0.6926599  0.8376839  ... 0.7112597  0.9664793  0.0873827 ]]
[[0.71093214 0.48236334 0.55236244 ... 0.07678625 0.6650968  0.36203465]
 [0.5196496  0.50117254 0.5772724  ... 0.51221085 0.5082029  0.3160625 ]
 [0.6066647  0.6373836  0.4401531  ... 0.68130857 0.5045062  1.        ]
 ...
 [0.2453036  0.37525356 0.5236032  ... 0.7647296  0.638763   0.        ]
 [0.09742355 0.45992422 0.38008785 ... 0.89132595 0.64866954 0.37583894]
 [0.12093683 0.43148586 0.2265988  ... 0.5043976  0.59030324 0.28717905]]
[[0.5252421  0.21524593 0.4532222  ... 0.35787836 0.20075843 0.59435326]
 [0.70985496 0.6709287  0.5435413  ... 0.25602236 0.37540632 0.55983794]
 [0.6223623  0.8839683  0.48409173 ... 0.4988634  0.8157196  0.39082333]
 ...
 [0.31907344 0.5155172  0.610031   ... 0.06874928 0.38647804 0.2155985 ]
 [0.24072905 0.13701877 0.52110606 ... 0.41166976 0.37338012 0.47806746]
 [0.33893275 0.86703575 0.32388398 ... 0.25988764 0.8838291  0.369017  ]]
[[0.8720685  0.6322068  0.42100328 ... 0.6534965  0.4949408  0.46827972]
 [0.7021965  0.4660442  0.37932408 ... 0.5416224  0.31893215 0.4459341 ]
 [0.78708017 0.8792867  0.2801767  ... 0.12350243 0.49732405 0.36701658]
 ...
 [0.41777822 0.35804814 0.52976036 ... 0.57683265 0.38465732 0.53116286]
 [0.33871564 0.08490241 0.4824989  ... 0.05499619 0.6143976  0.23545063]
 [0.3272812  0.93230486 0.5923988  ... 0.         0.43671316 0.40226972]]
[[0.7983011  0.72890943 0.406625   ... 0.44673175 0.17420596 0.21514367]
 [0.6614579  0.5430762  0.63375986 ... 0.3732631  0.28115383 0.31712258]
 [0.7209951  0.8328896  0.6121451  ... 0.40229347 0.81619203 0.13672258]
 ...
 [0.3730895  0.44478217 0.5293901  ... 0.38011646 0.289249   0.5386422 ]
 [0.25778985 0.40410763 0.5975216  ... 0.6721088  0.4833756  0.20317544]
 [0.3318002  0.4350876  0.18784443 ... 0.37636897 0.3530161  0.30289114]]
[[0.8647669  0.23124537 0.5288903  ... 0.47203743 0.         0.353804  ]
 [0.70402586 0.5004733  0.61539954 ... 0.29317468 0.5263529  0.5084557 ]
 [0.8088047  0.14373592 0.6556475  ... 1.         0.9363245  0.13777748]
 ...
 [0.40752983 0.5961683  0.5658034  ... 0.68075514 0.58873594 0.66558075]
 [0.3103544  0.7346168  0.6414932  ... 0.6582651  0.5422337  0.30643067]
 [0.36202446 0.20679644 0.10992178 ... 0.54771876 0.45458445 0.41156358]]
[[0.5252421  0.21524593 0.4532222  ... 0.35787836 0.20075843 0.59435326]
 [0.70985496 0.6709287  0.5435413  ... 0.25602236 0.37540632 0.55983794]
 [0.6223623  0.8839683  0.48409173 ... 0.4988634  0.8157196  0.39082333]
 ...
 [0.31907344 0.5155172  0.610031   ... 0.06874928 0.38647804 0.2155985 ]
 [0.24072905 0.13701877 0.52110606 ... 0.41166976 0.37338012 0.47806746]
 [0.33893275 0.86703575 0.32388398 ... 0.25988764 0.8838291  0.369017  ]]
[[0.816733   0.23585281 0.47618815 ... 0.30686924 0.4958027  0.31084454]
 [0.7021185  0.43721253 0.6800821  ... 0.4080704  0.5660024  0.42905742]
 [0.7596208  0.12915331 0.64854974 ... 0.9645045  0.30469596 0.74950564]
 ...
 [0.3936077  0.5208905  0.5905273  ... 0.19997685 0.17246127 0.6417052 ]
 [0.28381664 0.5661552  0.6630548  ... 0.5714852  0.46059823 0.48873484]
 [0.3578184  0.5280345  0.12914425 ... 0.47229287 0.49796364 0.50286925]]
[[0.71093214 0.48236334 0.55236244 ... 0.07678625 0.6650968  0.36203465]
 [0.5196496  0.50117254 0.5772724  ... 0.51221085 0.5082029  0.3160625 ]
 [0.6066647  0.6373836  0.4401531  ... 0.68130857 0.5045062  1.        ]
 ...
 [0.2453036  0.37525356 0.5236032  ... 0.7647296  0.638763   0.        ]
 [0.09742355 0.45992422 0.38008785 ... 0.89132595 0.64866954 0.37583894]
 [0.12093683 0.43148586 0.2265988  ... 0.5043976  0.59030324 0.28717905]]
[[0.8647669  0.23124537 0.5288903  ... 0.47203743 0.         0.353804  ]
 [0.70402586 0.5004733  0.61539954 ... 0.29317468 0.5263529  0.5084557 ]
 [0.8088047  0.14373592 0.6556475  ... 1.         0.9363245  0.13777748]
 ...
 [0.40752983 0.5961683  0.5658034  ... 0.68075514 0.58873594 0.66558075]
 [0.3103544  0.7346168  0.6414932  ... 0.6582651  0.5422337  0.30643067]
 [0.36202446 0.20679644 0.10992178 ... 0.54771876 0.45458445 0.41156358]]
[[0.816733   0.23585281 0.47618815 ... 0.30686924 0.4958027  0.31084454]
 [0.7021185  0.43721253 0.6800821  ... 0.4080704  0.5660024  0.42905742]
 [0.7596208  0.12915331 0.64854974 ... 0.9645045  0.30469596 0.74950564]
 ...
 [0.3936077  0.5208905  0.5905273  ... 0.19997685 0.17246127 0.6417052 ]
 [0.28381664 0.5661552  0.6630548  ... 0.5714852  0.46059823 0.48873484]
 [0.3578184  0.5280345  0.12914425 ... 0.47229287 0.49796364 0.50286925]]
[[0.81851506 0.4149116  0.50690913 ... 0.64656425 0.39097187 0.18850285]
 [0.5566884  0.44247165 0.41288948 ... 0.5243874  0.28473598 0.3493392 ]
 [0.66449314 0.6124423  0.577335   ... 0.30536819 0.8280127  0.12249699]
 ...
 [0.30660927 0.39713353 0.47899547 ... 0.35304257 0.46222895 0.20966661]
 [0.15310125 0.46759108 0.58940804 ... 0.4496538  0.18741788 0.48735508]
 [0.1565828  0.36604494 0.8092125  ... 0.4145379  0.03437227 0.28301507]]
[[0.81851506 0.4149116  0.50690913 ... 0.64656425 0.39097187 0.18850285]
 [0.5566884  0.44247165 0.41288948 ... 0.5243874  0.28473598 0.3493392 ]
 [0.66449314 0.6124423  0.577335   ... 0.30536819 0.8280127  0.12249699]
 ...
 [0.30660927 0.39713353 0.47899547 ... 0.35304257 0.46222895 0.20966661]
 [0.15310125 0.46759108 0.58940804 ... 0.4496538  0.18741788 0.48735508]
 [0.1565828  0.36604494 0.8092125  ... 0.4145379  0.03437227 0.28301507]]
[[0.81851506 0.4149116  0.50690913 ... 0.64656425 0.39097187 0.18850285]
 [0.5566884  0.44247165 0.41288948 ... 0.5243874  0.28473598 0.3493392 ]
 [0.66449314 0.6124423  0.577335   ... 0.30536819 0.8280127  0.12249699]
 ...
 [0.30660927 0.39713353 0.47899547 ... 0.35304257 0.46222895 0.20966661]
 [0.15310125 0.46759108 0.58940804 ... 0.4496538  0.18741788 0.48735508]
 [0.1565828  0.36604494 0.8092125  ... 0.4145379  0.03437227 0.28301507]]
[[0.7768161  0.75840795 0.4278696  ... 0.39670053 0.43648213 0.42280054]
 [0.6625824  0.5312599  0.56716406 ... 0.46209273 0.27392912 0.47052732]
 [0.65564936 0.8440807  0.62922525 ... 0.99999994 0.9687394  0.42630246]
 ...
 [0.32550442 0.45691058 0.4787237  ... 0.4382238  0.32435712 0.4016827 ]
 [0.18796077 0.38739946 0.55452776 ... 0.5613025  0.33259603 0.47318572]
 [0.37088686 0.4120467  0.18738161 ... 0.37522632 0.52629447 0.64875793]]
[[0.9722612  0.8887123  0.4523244  ... 0.7322285  1.         0.24410978]
 [0.9743593  0.74373734 0.7202933  ... 0.76314265 0.5661125  0.3546754 ]
 [0.9938532  0.68179095 0.75911933 ... 0.41721123 0.8164917  0.41983795]
 ...
 [0.11671799 0.7090254  0.7070762  ... 0.7577013  0.8994502  0.29720116]
 [0.07819024 0.8836119  0.39220878 ... 0.7808442  0.9541142  0.154502  ]
 [0.07428399 0.6926599  0.8376839  ... 0.7112597  0.9664793  0.0873827 ]]
[[0.5252421  0.21524593 0.4532222  ... 0.35787836 0.20075843 0.59435326]
 [0.70985496 0.6709287  0.5435413  ... 0.25602236 0.37540632 0.55983794]
 [0.6223623  0.8839683  0.48409173 ... 0.4988634  0.8157196  0.39082333]
 ...
 [0.31907344 0.5155172  0.610031   ... 0.06874928 0.38647804 0.2155985 ]
 [0.24072905 0.13701877 0.52110606 ... 0.41166976 0.37338012 0.47806746]
 [0.33893275 0.86703575 0.32388398 ... 0.25988764 0.8838291  0.369017  ]]
[[0.9722612  0.8887123  0.4523244  ... 0.7322285  1.         0.24410978]
 [0.9743593  0.74373734 0.7202933  ... 0.76314265 0.5661125  0.3546754 ]
 [0.9938532  0.68179095 0.75911933 ... 0.41721123 0.8164917  0.41983795]
 ...
 [0.11671799 0.7090254  0.7070762  ... 0.7577013  0.8994502  0.29720116]
 [0.07819024 0.8836119  0.39220878 ... 0.7808442  0.9541142  0.154502  ]
 [0.07428399 0.6926599  0.8376839  ... 0.7112597  0.9664793  0.0873827 ]]
[[0.70873547 0.38280833 0.5529627  ... 0.2388215  0.58698225 0.51595783]
 [0.5197178  0.35557413 0.59382766 ... 0.6028987  0.08853075 0.34439808]
 [0.6009385  0.5457144  0.6479446  ... 0.05908313 0.26646826 0.6502688 ]
 ...
 [0.11370464 1.         0.2014699  ... 0.46308085 0.48756522 0.66859764]
 [0.14232138 0.9208585  0.22748893 ... 0.4273745  0.43328688 0.46941563]
 [0.12422952 0.9734765  0.19331697 ... 0.4755742  0.5363731  0.57551163]]
[[0.39229858 0.44222587 0.20992225 ... 0.4973317  0.5008655  0.4798895 ]
 [0.21344092 0.5280295  0.6646716  ... 0.50190014 0.5211333  0.7736103 ]
 [0.31121576 0.50155723 0.88137174 ... 0.11362121 0.40174732 0.6125334 ]
 ...
 [0.95307213 0.40693617 0.3228421  ... 0.4068279  0.22663054 0.7490386 ]
 [0.9357735  0.60638964 0.4154888  ... 0.38847348 0.44629192 0.3498635 ]
 [0.92159677 0.51925385 0.41109598 ... 0.36869416 0.5322969  0.68366385]]
[[0.39041957 0.8840081  0.6686639  ... 0.07796437 0.6203631  0.40115613]
 [0.22651479 0.7519734  0.6570584  ... 0.33204725 0.26207903 0.5733376 ]
 [0.38091704 0.7855263  1.         ... 0.19548444 0.19321024 0.03112754]
 ...
 [0.9187887  0.35087258 0.29409847 ... 0.28860784 0.42122608 0.49404433]
 [0.95314753 0.3315134  0.34207305 ... 0.3558785  0.3947765  0.3872451 ]
 [0.9385766  0.35648265 0.34041613 ... 0.4041392  0.60931003 0.54727024]]
[[0.7925079  0.754349   0.3991343  ... 0.40018642 0.51606023 0.52319074]
 [0.6529571  0.6168929  0.2132091  ... 0.39702904 0.46582416 0.30026773]
 [0.7099658  0.88344634 0.3425144  ... 0.37603492 0.06816733 1.        ]
 ...
 [0.58608276 0.09621197 1.0000001  ... 0.4367012  0.49605486 0.47891754]
 [0.58374035 0.1019071  0.9301572  ... 0.46275276 0.47987935 0.37474898]
 [0.57438165 0.10574055 0.9630228  ... 0.44670865 0.55282223 0.42233202]]
[[0.81417793 0.1471677  0.204095   ... 0.31828508 0.55005556 0.52248424]
 [0.6084089  0.11668786 0.4112657  ... 0.57563454 0.40693045 0.46656117]
 [0.728846   0.11897311 0.06914172 ... 0.34658474 1.         0.3693359 ]
 ...
 [0.93020904 0.976484   0.6015844  ... 0.3682915  0.4561828  0.53277516]
 [0.9084807  0.9526301  0.5901898  ... 0.42261028 0.45225328 0.49309802]
 [0.94833755 0.99999994 0.5679762  ... 0.43326113 0.46857187 0.62469965]]
[[0.39229858 0.44222587 0.20992225 ... 0.4973317  0.5008655  0.4798895 ]
 [0.21344092 0.5280295  0.6646716  ... 0.50190014 0.5211333  0.7736103 ]
 [0.31121576 0.50155723 0.88137174 ... 0.11362121 0.40174732 0.6125334 ]
 ...
 [0.95307213 0.40693617 0.3228421  ... 0.4068279  0.22663054 0.7490386 ]
 [0.9357735  0.60638964 0.4154888  ... 0.38847348 0.44629192 0.3498635 ]
 [0.92159677 0.51925385 0.41109598 ... 0.36869416 0.5322969  0.68366385]]
[[0.81713545 0.1274288  0.31975985 ... 0.573084   0.439542   0.6757623 ]
 [0.69262064 0.17526452 0.60921633 ... 0.31129062 0.51641434 0.48530254]
 [0.7392729  0.04623821 0.27496076 ... 0.41708907 0.32050595 1.        ]
 ...
 [0.779333   0.9893055  0.06288081 ... 0.48752773 0.46496674 0.5679927 ]
 [0.75717455 0.9488589  0.14222977 ... 0.3591223  0.46476334 0.47550058]
 [0.7597455  0.9724629  0.08726946 ... 0.5421521  0.4721352  0.509904  ]]
[[0.70873547 0.38280833 0.5529627  ... 0.2388215  0.58698225 0.51595783]
 [0.5197178  0.35557413 0.59382766 ... 0.6028987  0.08853075 0.34439808]
 [0.6009385  0.5457144  0.6479446  ... 0.05908313 0.26646826 0.6502688 ]
 ...
 [0.11370464 1.         0.2014699  ... 0.46308085 0.48756522 0.66859764]
 [0.14232138 0.9208585  0.22748893 ... 0.4273745  0.43328688 0.46941563]
 [0.12422952 0.9734765  0.19331697 ... 0.4755742  0.5363731  0.57551163]]
[[0.81417793 0.1471677  0.204095   ... 0.31828508 0.55005556 0.52248424]
 [0.6084089  0.11668786 0.4112657  ... 0.57563454 0.40693045 0.46656117]
 [0.728846   0.11897311 0.06914172 ... 0.34658474 1.         0.3693359 ]
 ...
 [0.93020904 0.976484   0.6015844  ... 0.3682915  0.4561828  0.53277516]
 [0.9084807  0.9526301  0.5901898  ... 0.42261028 0.45225328 0.49309802]
 [0.94833755 0.99999994 0.5679762  ... 0.43326113 0.46857187 0.62469965]]
[[0.81713545 0.1274288  0.31975985 ... 0.573084   0.439542   0.6757623 ]
 [0.69262064 0.17526452 0.60921633 ... 0.31129062 0.51641434 0.48530254]
 [0.7392729  0.04623821 0.27496076 ... 0.41708907 0.32050595 1.        ]
 ...
 [0.779333   0.9893055  0.06288081 ... 0.48752773 0.46496674 0.5679927 ]
 [0.75717455 0.9488589  0.14222977 ... 0.3591223  0.46476334 0.47550058]
 [0.7597455  0.9724629  0.08726946 ... 0.5421521  0.4721352  0.509904  ]]
[[0.818164   0.3495535  0.41383383 ... 0.7257639  0.25619    0.56707555]
 [0.5571128  0.280795   0.448      ... 0.4525711  0.40003166 0.46150887]
 [0.6633593  0.40976658 0.6067237  ... 0.99999994 0.5491135  0.25091386]
 ...
 [0.215148   0.9936637  0.4102397  ... 0.54292566 0.2517246  0.47044155]
 [0.22000034 0.91630405 0.41731662 ... 0.50530714 0.39620346 0.39358172]
 [0.2455416  0.9901231  0.37272605 ... 0.49346846 0.48207477 0.4593613 ]]
[[0.818164   0.3495535  0.41383383 ... 0.7257639  0.25619    0.56707555]
 [0.5571128  0.280795   0.448      ... 0.4525711  0.40003166 0.46150887]
 [0.6633593  0.40976658 0.6067237  ... 0.99999994 0.5491135  0.25091386]
 ...
 [0.215148   0.9936637  0.4102397  ... 0.54292566 0.2517246  0.47044155]
 [0.22000034 0.91630405 0.41731662 ... 0.50530714 0.39620346 0.39358172]
 [0.2455416  0.9901231  0.37272605 ... 0.49346846 0.48207477 0.4593613 ]]
[[0.818164   0.3495535  0.41383383 ... 0.7257639  0.25619    0.56707555]
 [0.5571128  0.280795   0.448      ... 0.4525711  0.40003166 0.46150887]
 [0.6633593  0.40976658 0.6067237  ... 0.99999994 0.5491135  0.25091386]
 ...
 [0.215148   0.9936637  0.4102397  ... 0.54292566 0.2517246  0.47044155]
 [0.22000034 0.91630405 0.41731662 ... 0.50530714 0.39620346 0.39358172]
 [0.2455416  0.9901231  0.37272605 ... 0.49346846 0.48207477 0.4593613 ]]
[[0.76878333 0.76471496 0.54199684 ... 0.57727563 0.5375236  0.48681936]
 [0.65442336 0.54543537 0.66216815 ... 0.5012735  0.40260994 0.42701527]
 [0.6444827  0.86150146 0.6993192  ... 0.72697294 0.3930653  0.6476857 ]
 ...
 [0.58774215 0.42282158 0.09606603 ... 0.518457   0.50331783 0.44589698]
 [0.5798604  0.3790511  0.13689163 ... 0.42886108 0.5213436  0.48777217]
 [0.5736745  0.4100116  0.12946475 ... 0.43162313 0.49307656 0.47086772]]
[[0.9659176  0.8880761  0.47952196 ... 0.23691145 1.0000001  0.4579862 ]
 [0.9757012  0.74726164 0.74238384 ... 0.14948681 0.60262966 0.49058783]
 [1.         0.6812322  0.77879465 ... 0.44126648 0.8603062  0.45401722]
 ...
 [0.05468562 0.84319293 0.36471185 ... 0.28974175 0.6979345  0.45666075]
 [0.10261199 0.7292701  0.43013623 ... 0.18976417 0.3606497  0.29668143]
 [0.         0.8608317  0.40353927 ... 0.08145443 0.46728295 0.2787335 ]]
[[0.39229858 0.44222587 0.20992225 ... 0.4973317  0.5008655  0.4798895 ]
 [0.21344092 0.5280295  0.6646716  ... 0.50190014 0.5211333  0.7736103 ]
 [0.31121576 0.50155723 0.88137174 ... 0.11362121 0.40174732 0.6125334 ]
 ...
 [0.95307213 0.40693617 0.3228421  ... 0.4068279  0.22663054 0.7490386 ]
 [0.9357735  0.60638964 0.4154888  ... 0.38847348 0.44629192 0.3498635 ]
 [0.92159677 0.51925385 0.41109598 ... 0.36869416 0.5322969  0.68366385]]
[[0.9659176  0.8880761  0.47952196 ... 0.23691145 1.0000001  0.4579862 ]
 [0.9757012  0.74726164 0.74238384 ... 0.14948681 0.60262966 0.49058783]
 [1.         0.6812322  0.77879465 ... 0.44126648 0.8603062  0.45401722]
 ...
 [0.05468562 0.84319293 0.36471185 ... 0.28974175 0.6979345  0.45666075]
 [0.10261199 0.7292701  0.43013623 ... 0.18976417 0.3606497  0.29668143]
 [0.         0.8608317  0.40353927 ... 0.08145443 0.46728295 0.2787335 ]]
[[0.70873547 0.38280833 0.5529627  ... 0.2388215  0.58698225 0.51595783]
 [0.5197178  0.35557413 0.59382766 ... 0.6028987  0.08853075 0.34439808]
 [0.6009385  0.5457144  0.6479446  ... 0.05908313 0.26646826 0.6502688 ]
 ...
 [0.11370464 1.         0.2014699  ... 0.46308085 0.48756522 0.66859764]
 [0.14232138 0.9208585  0.22748893 ... 0.4273745  0.43328688 0.46941563]
 [0.12422952 0.9734765  0.19331697 ... 0.4755742  0.5363731  0.57551163]]
[[0.39229858 0.44222587 0.20992225 ... 0.4973317  0.5008655  0.4798895 ]
 [0.21344092 0.5280295  0.6646716  ... 0.50190014 0.5211333  0.7736103 ]
 [0.31121576 0.50155723 0.88137174 ... 0.11362121 0.40174732 0.6125334 ]
 ...
 [0.95307213 0.40693617 0.3228421  ... 0.4068279  0.22663054 0.7490386 ]
 [0.9357735  0.60638964 0.4154888  ... 0.38847348 0.44629192 0.3498635 ]
 [0.92159677 0.51925385 0.41109598 ... 0.36869416 0.5322969  0.68366385]]
[[0.39041957 0.8840081  0.6686639  ... 0.07796437 0.6203631  0.40115613]
 [0.22651479 0.7519734  0.6570584  ... 0.33204725 0.26207903 0.5733376 ]
 [0.38091704 0.7855263  1.         ... 0.19548444 0.19321024 0.03112754]
 ...
 [0.9187887  0.35087258 0.29409847 ... 0.28860784 0.42122608 0.49404433]
 [0.95314753 0.3315134  0.34207305 ... 0.3558785  0.3947765  0.3872451 ]
 [0.9385766  0.35648265 0.34041613 ... 0.4041392  0.60931003 0.54727024]]
[[0.7925079  0.754349   0.3991343  ... 0.40018642 0.51606023 0.52319074]
 [0.6529571  0.6168929  0.2132091  ... 0.39702904 0.46582416 0.30026773]
 [0.7099658  0.88344634 0.3425144  ... 0.37603492 0.06816733 1.        ]
 ...
 [0.58608276 0.09621197 1.0000001  ... 0.4367012  0.49605486 0.47891754]
 [0.58374035 0.1019071  0.9301572  ... 0.46275276 0.47987935 0.37474898]
 [0.57438165 0.10574055 0.9630228  ... 0.44670865 0.55282223 0.42233202]]
[[0.81417793 0.1471677  0.204095   ... 0.31828508 0.55005556 0.52248424]
 [0.6084089  0.11668786 0.4112657  ... 0.57563454 0.40693045 0.46656117]
 [0.728846   0.11897311 0.06914172 ... 0.34658474 1.         0.3693359 ]
 ...
 [0.93020904 0.976484   0.6015844  ... 0.3682915  0.4561828  0.53277516]
 [0.9084807  0.9526301  0.5901898  ... 0.42261028 0.45225328 0.49309802]
 [0.94833755 0.99999994 0.5679762  ... 0.43326113 0.46857187 0.62469965]]
[[0.39229858 0.44222587 0.20992225 ... 0.4973317  0.5008655  0.4798895 ]
 [0.21344092 0.5280295  0.6646716  ... 0.50190014 0.5211333  0.7736103 ]
 [0.31121576 0.50155723 0.88137174 ... 0.11362121 0.40174732 0.6125334 ]
 ...
 [0.95307213 0.40693617 0.3228421  ... 0.4068279  0.22663054 0.7490386 ]
 [0.9357735  0.60638964 0.4154888  ... 0.38847348 0.44629192 0.3498635 ]
 [0.92159677 0.51925385 0.41109598 ... 0.36869416 0.5322969  0.68366385]]
[[0.81713545 0.1274288  0.31975985 ... 0.573084   0.439542   0.6757623 ]
 [0.69262064 0.17526452 0.60921633 ... 0.31129062 0.51641434 0.48530254]
 [0.7392729  0.04623821 0.27496076 ... 0.41708907 0.32050595 1.        ]
 ...
 [0.779333   0.9893055  0.06288081 ... 0.48752773 0.46496674 0.5679927 ]
 [0.75717455 0.9488589  0.14222977 ... 0.3591223  0.46476334 0.47550058]
 [0.7597455  0.9724629  0.08726946 ... 0.5421521  0.4721352  0.509904  ]]
[[0.70873547 0.38280833 0.5529627  ... 0.2388215  0.58698225 0.51595783]
 [0.5197178  0.35557413 0.59382766 ... 0.6028987  0.08853075 0.34439808]
 [0.6009385  0.5457144  0.6479446  ... 0.05908313 0.26646826 0.6502688 ]
 ...
 [0.11370464 1.         0.2014699  ... 0.46308085 0.48756522 0.66859764]
 [0.14232138 0.9208585  0.22748893 ... 0.4273745  0.43328688 0.46941563]
 [0.12422952 0.9734765  0.19331697 ... 0.4755742  0.5363731  0.57551163]]
[[0.81417793 0.1471677  0.204095   ... 0.31828508 0.55005556 0.52248424]
 [0.6084089  0.11668786 0.4112657  ... 0.57563454 0.40693045 0.46656117]
 [0.728846   0.11897311 0.06914172 ... 0.34658474 1.         0.3693359 ]
 ...
 [0.93020904 0.976484   0.6015844  ... 0.3682915  0.4561828  0.53277516]
 [0.9084807  0.9526301  0.5901898  ... 0.42261028 0.45225328 0.49309802]
 [0.94833755 0.99999994 0.5679762  ... 0.43326113 0.46857187 0.62469965]]
[[0.81713545 0.1274288  0.31975985 ... 0.573084   0.439542   0.6757623 ]
 [0.69262064 0.17526452 0.60921633 ... 0.31129062 0.51641434 0.48530254]
 [0.7392729  0.04623821 0.27496076 ... 0.41708907 0.32050595 1.        ]
 ...
 [0.779333   0.9893055  0.06288081 ... 0.48752773 0.46496674 0.5679927 ]
 [0.75717455 0.9488589  0.14222977 ... 0.3591223  0.46476334 0.47550058]
 [0.7597455  0.9724629  0.08726946 ... 0.5421521  0.4721352  0.509904  ]]
[[0.818164   0.3495535  0.41383383 ... 0.7257639  0.25619    0.56707555]
 [0.5571128  0.280795   0.448      ... 0.4525711  0.40003166 0.46150887]
 [0.6633593  0.40976658 0.6067237  ... 0.99999994 0.5491135  0.25091386]
 ...
 [0.215148   0.9936637  0.4102397  ... 0.54292566 0.2517246  0.47044155]
 [0.22000034 0.91630405 0.41731662 ... 0.50530714 0.39620346 0.39358172]
 [0.2455416  0.9901231  0.37272605 ... 0.49346846 0.48207477 0.4593613 ]]
[[0.818164   0.3495535  0.41383383 ... 0.7257639  0.25619    0.56707555]
 [0.5571128  0.280795   0.448      ... 0.4525711  0.40003166 0.46150887]
 [0.6633593  0.40976658 0.6067237  ... 0.99999994 0.5491135  0.25091386]
 ...
 [0.215148   0.9936637  0.4102397  ... 0.54292566 0.2517246  0.47044155]
 [0.22000034 0.91630405 0.41731662 ... 0.50530714 0.39620346 0.39358172]
 [0.2455416  0.9901231  0.37272605 ... 0.49346846 0.48207477 0.4593613 ]]
[[0.818164   0.3495535  0.41383383 ... 0.7257639  0.25619    0.56707555]
 [0.5571128  0.280795   0.448      ... 0.4525711  0.40003166 0.46150887]
 [0.6633593  0.40976658 0.6067237  ... 0.99999994 0.5491135  0.25091386]
 ...
 [0.215148   0.9936637  0.4102397  ... 0.54292566 0.2517246  0.47044155]
 [0.22000034 0.91630405 0.41731662 ... 0.50530714 0.39620346 0.39358172]
 [0.2455416  0.9901231  0.37272605 ... 0.49346846 0.48207477 0.4593613 ]]
[[0.76878333 0.76471496 0.54199684 ... 0.57727563 0.5375236  0.48681936]
 [0.65442336 0.54543537 0.66216815 ... 0.5012735  0.40260994 0.42701527]
 [0.6444827  0.86150146 0.6993192  ... 0.72697294 0.3930653  0.6476857 ]
 ...
 [0.58774215 0.42282158 0.09606603 ... 0.518457   0.50331783 0.44589698]
 [0.5798604  0.3790511  0.13689163 ... 0.42886108 0.5213436  0.48777217]
 [0.5736745  0.4100116  0.12946475 ... 0.43162313 0.49307656 0.47086772]]
[[0.9659176  0.8880761  0.47952196 ... 0.23691145 1.0000001  0.4579862 ]
 [0.9757012  0.74726164 0.74238384 ... 0.14948681 0.60262966 0.49058783]
 [1.         0.6812322  0.77879465 ... 0.44126648 0.8603062  0.45401722]
 ...
 [0.05468562 0.84319293 0.36471185 ... 0.28974175 0.6979345  0.45666075]
 [0.10261199 0.7292701  0.43013623 ... 0.18976417 0.3606497  0.29668143]
 [0.         0.8608317  0.40353927 ... 0.08145443 0.46728295 0.2787335 ]]
[[0.39229858 0.44222587 0.20992225 ... 0.4973317  0.5008655  0.4798895 ]
 [0.21344092 0.5280295  0.6646716  ... 0.50190014 0.5211333  0.7736103 ]
 [0.31121576 0.50155723 0.88137174 ... 0.11362121 0.40174732 0.6125334 ]
 ...
 [0.95307213 0.40693617 0.3228421  ... 0.4068279  0.22663054 0.7490386 ]
 [0.9357735  0.60638964 0.4154888  ... 0.38847348 0.44629192 0.3498635 ]
 [0.92159677 0.51925385 0.41109598 ... 0.36869416 0.5322969  0.68366385]]
[[0.9659176  0.8880761  0.47952196 ... 0.23691145 1.0000001  0.4579862 ]
 [0.9757012  0.74726164 0.74238384 ... 0.14948681 0.60262966 0.49058783]
 [1.         0.6812322  0.77879465 ... 0.44126648 0.8603062  0.45401722]
 ...
 [0.05468562 0.84319293 0.36471185 ... 0.28974175 0.6979345  0.45666075]
 [0.10261199 0.7292701  0.43013623 ... 0.18976417 0.3606497  0.29668143]
 [0.         0.8608317  0.40353927 ... 0.08145443 0.46728295 0.2787335 ]]
[[0.70873547 0.38280833 0.5529627  ... 0.2388215  0.58698225 0.51595783]
 [0.5197178  0.35557413 0.59382766 ... 0.6028987  0.08853075 0.34439808]
 [0.6009385  0.5457144  0.6479446  ... 0.05908313 0.26646826 0.6502688 ]
 ...
 [0.11370464 1.         0.2014699  ... 0.46308085 0.48756522 0.66859764]
 [0.14232138 0.9208585  0.22748893 ... 0.4273745  0.43328688 0.46941563]
 [0.12422952 0.9734765  0.19331697 ... 0.4755742  0.5363731  0.57551163]]
[[0.39229858 0.44222587 0.20992225 ... 0.4973317  0.5008655  0.4798895 ]
 [0.21344092 0.5280295  0.6646716  ... 0.50190014 0.5211333  0.7736103 ]
 [0.31121576 0.50155723 0.88137174 ... 0.11362121 0.40174732 0.6125334 ]
 ...
 [0.95307213 0.40693617 0.3228421  ... 0.4068279  0.22663054 0.7490386 ]
 [0.9357735  0.60638964 0.4154888  ... 0.38847348 0.44629192 0.3498635 ]
 [0.92159677 0.51925385 0.41109598 ... 0.36869416 0.5322969  0.68366385]]
[[0.39041957 0.8840081  0.6686639  ... 0.07796437 0.6203631  0.40115613]
 [0.22651479 0.7519734  0.6570584  ... 0.33204725 0.26207903 0.5733376 ]
 [0.38091704 0.7855263  1.         ... 0.19548444 0.19321024 0.03112754]
 ...
 [0.9187887  0.35087258 0.29409847 ... 0.28860784 0.42122608 0.49404433]
 [0.95314753 0.3315134  0.34207305 ... 0.3558785  0.3947765  0.3872451 ]
 [0.9385766  0.35648265 0.34041613 ... 0.4041392  0.60931003 0.54727024]]
[[0.7925079  0.754349   0.3991343  ... 0.40018642 0.51606023 0.52319074]
 [0.6529571  0.6168929  0.2132091  ... 0.39702904 0.46582416 0.30026773]
 [0.7099658  0.88344634 0.3425144  ... 0.37603492 0.06816733 1.        ]
 ...
 [0.58608276 0.09621197 1.0000001  ... 0.4367012  0.49605486 0.47891754]
 [0.58374035 0.1019071  0.9301572  ... 0.46275276 0.47987935 0.37474898]
 [0.57438165 0.10574055 0.9630228  ... 0.44670865 0.55282223 0.42233202]]
[[0.81417793 0.1471677  0.204095   ... 0.31828508 0.55005556 0.52248424]
 [0.6084089  0.11668786 0.4112657  ... 0.57563454 0.40693045 0.46656117]
 [0.728846   0.11897311 0.06914172 ... 0.34658474 1.         0.3693359 ]
 ...
 [0.93020904 0.976484   0.6015844  ... 0.3682915  0.4561828  0.53277516]
 [0.9084807  0.9526301  0.5901898  ... 0.42261028 0.45225328 0.49309802]
 [0.94833755 0.99999994 0.5679762  ... 0.43326113 0.46857187 0.62469965]]
[[0.39229858 0.44222587 0.20992225 ... 0.4973317  0.5008655  0.4798895 ]
 [0.21344092 0.5280295  0.6646716  ... 0.50190014 0.5211333  0.7736103 ]
 [0.31121576 0.50155723 0.88137174 ... 0.11362121 0.40174732 0.6125334 ]
 ...
 [0.95307213 0.40693617 0.3228421  ... 0.4068279  0.22663054 0.7490386 ]
 [0.9357735  0.60638964 0.4154888  ... 0.38847348 0.44629192 0.3498635 ]
 [0.92159677 0.51925385 0.41109598 ... 0.36869416 0.5322969  0.68366385]]
[[0.81713545 0.1274288  0.31975985 ... 0.573084   0.439542   0.6757623 ]
 [0.69262064 0.17526452 0.60921633 ... 0.31129062 0.51641434 0.48530254]
 [0.7392729  0.04623821 0.27496076 ... 0.41708907 0.32050595 1.        ]
 ...
 [0.779333   0.9893055  0.06288081 ... 0.48752773 0.46496674 0.5679927 ]
 [0.75717455 0.9488589  0.14222977 ... 0.3591223  0.46476334 0.47550058]
 [0.7597455  0.9724629  0.08726946 ... 0.5421521  0.4721352  0.509904  ]]
[[0.70873547 0.38280833 0.5529627  ... 0.2388215  0.58698225 0.51595783]
 [0.5197178  0.35557413 0.59382766 ... 0.6028987  0.08853075 0.34439808]
 [0.6009385  0.5457144  0.6479446  ... 0.05908313 0.26646826 0.6502688 ]
 ...
 [0.11370464 1.         0.2014699  ... 0.46308085 0.48756522 0.66859764]
 [0.14232138 0.9208585  0.22748893 ... 0.4273745  0.43328688 0.46941563]
 [0.12422952 0.9734765  0.19331697 ... 0.4755742  0.5363731  0.57551163]]
[[0.81417793 0.1471677  0.204095   ... 0.31828508 0.55005556 0.52248424]
 [0.6084089  0.11668786 0.4112657  ... 0.57563454 0.40693045 0.46656117]
 [0.728846   0.11897311 0.06914172 ... 0.34658474 1.         0.3693359 ]
 ...
 [0.93020904 0.976484   0.6015844  ... 0.3682915  0.4561828  0.53277516]
 [0.9084807  0.9526301  0.5901898  ... 0.42261028 0.45225328 0.49309802]
 [0.94833755 0.99999994 0.5679762  ... 0.43326113 0.46857187 0.62469965]]
[[0.81713545 0.1274288  0.31975985 ... 0.573084   0.439542   0.6757623 ]
 [0.69262064 0.17526452 0.60921633 ... 0.31129062 0.51641434 0.48530254]
 [0.7392729  0.04623821 0.27496076 ... 0.41708907 0.32050595 1.        ]
 ...
 [0.779333   0.9893055  0.06288081 ... 0.48752773 0.46496674 0.5679927 ]
 [0.75717455 0.9488589  0.14222977 ... 0.3591223  0.46476334 0.47550058]
 [0.7597455  0.9724629  0.08726946 ... 0.5421521  0.4721352  0.509904  ]]
[[0.818164   0.3495535  0.41383383 ... 0.7257639  0.25619    0.56707555]
 [0.5571128  0.280795   0.448      ... 0.4525711  0.40003166 0.46150887]
 [0.6633593  0.40976658 0.6067237  ... 0.99999994 0.5491135  0.25091386]
 ...
 [0.215148   0.9936637  0.4102397  ... 0.54292566 0.2517246  0.47044155]
 [0.22000034 0.91630405 0.41731662 ... 0.50530714 0.39620346 0.39358172]
 [0.2455416  0.9901231  0.37272605 ... 0.49346846 0.48207477 0.4593613 ]]
[[0.818164   0.3495535  0.41383383 ... 0.7257639  0.25619    0.56707555]
 [0.5571128  0.280795   0.448      ... 0.4525711  0.40003166 0.46150887]
 [0.6633593  0.40976658 0.6067237  ... 0.99999994 0.5491135  0.25091386]
 ...
 [0.215148   0.9936637  0.4102397  ... 0.54292566 0.2517246  0.47044155]
 [0.22000034 0.91630405 0.41731662 ... 0.50530714 0.39620346 0.39358172]
 [0.2455416  0.9901231  0.37272605 ... 0.49346846 0.48207477 0.4593613 ]]
[[0.818164   0.3495535  0.41383383 ... 0.7257639  0.25619    0.56707555]
 [0.5571128  0.280795   0.448      ... 0.4525711  0.40003166 0.46150887]
 [0.6633593  0.40976658 0.6067237  ... 0.99999994 0.5491135  0.25091386]
 ...
 [0.215148   0.9936637  0.4102397  ... 0.54292566 0.2517246  0.47044155]
 [0.22000034 0.91630405 0.41731662 ... 0.50530714 0.39620346 0.39358172]
 [0.2455416  0.9901231  0.37272605 ... 0.49346846 0.48207477 0.4593613 ]]
[[0.76878333 0.76471496 0.54199684 ... 0.57727563 0.5375236  0.48681936]
 [0.65442336 0.54543537 0.66216815 ... 0.5012735  0.40260994 0.42701527]
 [0.6444827  0.86150146 0.6993192  ... 0.72697294 0.3930653  0.6476857 ]
 ...
 [0.58774215 0.42282158 0.09606603 ... 0.518457   0.50331783 0.44589698]
 [0.5798604  0.3790511  0.13689163 ... 0.42886108 0.5213436  0.48777217]
 [0.5736745  0.4100116  0.12946475 ... 0.43162313 0.49307656 0.47086772]]
[[0.9659176  0.8880761  0.47952196 ... 0.23691145 1.0000001  0.4579862 ]
 [0.9757012  0.74726164 0.74238384 ... 0.14948681 0.60262966 0.49058783]
 [1.         0.6812322  0.77879465 ... 0.44126648 0.8603062  0.45401722]
 ...
 [0.05468562 0.84319293 0.36471185 ... 0.28974175 0.6979345  0.45666075]
 [0.10261199 0.7292701  0.43013623 ... 0.18976417 0.3606497  0.29668143]
 [0.         0.8608317  0.40353927 ... 0.08145443 0.46728295 0.2787335 ]]
[[0.39229858 0.44222587 0.20992225 ... 0.4973317  0.5008655  0.4798895 ]
 [0.21344092 0.5280295  0.6646716  ... 0.50190014 0.5211333  0.7736103 ]
 [0.31121576 0.50155723 0.88137174 ... 0.11362121 0.40174732 0.6125334 ]
 ...
 [0.95307213 0.40693617 0.3228421  ... 0.4068279  0.22663054 0.7490386 ]
 [0.9357735  0.60638964 0.4154888  ... 0.38847348 0.44629192 0.3498635 ]
 [0.92159677 0.51925385 0.41109598 ... 0.36869416 0.5322969  0.68366385]]
[[0.9659176  0.8880761  0.47952196 ... 0.23691145 1.0000001  0.4579862 ]
 [0.9757012  0.74726164 0.74238384 ... 0.14948681 0.60262966 0.49058783]
 [1.         0.6812322  0.77879465 ... 0.44126648 0.8603062  0.45401722]
 ...
 [0.05468562 0.84319293 0.36471185 ... 0.28974175 0.6979345  0.45666075]
 [0.10261199 0.7292701  0.43013623 ... 0.18976417 0.3606497  0.29668143]
 [0.         0.8608317  0.40353927 ... 0.08145443 0.46728295 0.2787335 ]]
